[Error] [2026-03-19 11:12:20] {1IkzckFbb2IACAsnhCiWnd} Failed to convert:
#39523=IfcMaterial('<Unnamed>')
[Error] [2026-03-19 11:12:20] {0o2OtHy814XuMyxWHUcBhL} Failed to convert:
#39523=IfcMaterial('<Unnamed>')
[Error] [2026-03-19 11:12:22] {0wAYIw_Jb1UOGWziA0sP_r} Failed to convert:
#39523=IfcMaterial('<Unnamed>')
[Error] [2026-03-19 11:12:22] {0wAYIw_Jb1UOGWziA0sPQ1} Failed to convert:
#39523=IfcMaterial('<Unnamed>')
[Error] [2026-03-19 11:12:22] {3CD8iCYBD79A4w08xj7_I8} Failed to convert:
#39523=IfcMaterial('<Unnamed>')
[Error] [2026-03-19 11:12:22] {3CD8iCYBD79A4w08xj7_A8} Failed to convert:
#39523=IfcMaterial('<Unnamed>')
[Error] [2026-03-19 11:12:22] {3CD8iCYBD79A4w08xj7_0j} Failed to convert:
#39523=IfcMaterial('<Unnamed>')
[Error] [2026-03-19 11:12:22] {3CD8iCYBD79A4w08xj7_7I} Failed to convert:
#39523=IfcMaterial('<Unnamed>')
[Error] [2026-03-19 11:12:22] {3CD8iCYBD79A4w08xj7_$R} Failed to convert:
#39523=IfcMaterial('<Unnamed>')
[Error] [2026-03-19 11:12:22] {3CD8iCYBD79A4w08xj7_yR} Failed to convert:
#39523=IfcMaterial('<Unnamed>')
[Error] [2026-03-19 11:12:22] {3CD8iCYBD79A4w08xj7_mX} Failed to convert:
#39523=IfcMaterial('<Unnamed>')
[Error] [2026-03-19 11:12:22] {3CD8iCYBD79A4w08xj7_so} Failed to convert:
#39523=IfcMaterial('<Unnamed>')
[Error] [2026-03-19 11:12:22] {3CD8iCYBD79A4w08xj7_qH} Failed to convert:
#39523=IfcMaterial('<Unnamed>')
[Error] [2026-03-19 11:12:22] {3CD8iCYBD79A4w08xj7_fe} Failed to convert:
#39523=IfcMaterial('<Unnamed>')
[Error] [2026-03-19 11:12:22] {3CD8iCYBD79A4w08xj7_kC} Failed to convert:
#39523=IfcMaterial('<Unnamed>')
[Error] [2026-03-19 11:12:22] {3CD8iCYBD79A4w08xj7_l3} Failed to convert:
#39523=IfcMaterial('<Unnamed>')
[Error] [2026-03-19 11:12:22] {3CD8iCYBD79A4w08xj7_jv} Failed to convert:
#39523=IfcMaterial('<Unnamed>')
[Error] [2026-03-19 11:12:22] {3CD8iCYBD79A4w08xj7_YW} Failed to convert:
#39523=IfcMaterial('<Unnamed>')
[Error] [2026-03-19 11:12:22] {3CD8iCYBD79A4w08xj7_Xz} Failed to convert:
#39523=IfcMaterial('<Unnamed>')
[Error] [2026-03-19 11:12:22] {3CD8iCYBD79A4w08xj7_c3} Failed to convert:
#39523=IfcMaterial('<Unnamed>')
[Error] [2026-03-19 11:12:22] {3YikU58Ov7yuywn4kT5vYx} Failed to convert:
#39523=IfcMaterial('<Unnamed>')
[Error] [2026-03-19 11:12:22] {1QOgkOPhb6teo$CgOkloxf} Failed to convert:
#39523=IfcMaterial('<Unnamed>')
[Error] [2026-03-19 11:12:22] {1QOgkOPhb6teo$CgOklou_} Failed to convert:
#39523=IfcMaterial('<Unnamed>')
[Error] [2026-03-19 11:12:22] {1QOgkOPhb6teo$CgOklovC} Failed to convert:
#39523=IfcMaterial('<Unnamed>')
[Error] [2026-03-19 11:12:22] {1QOgkOPhb6teo$CgOklr1N} Failed to convert:
#39523=IfcMaterial('<Unnamed>')
[Error] [2026-03-19 11:12:23] {0xFQQs9$TBzhKdt8X6fnE4} Failed to convert:
#39523=IfcMaterial('<Unnamed>')
[Error] [2026-03-19 11:12:33] {1CDyfSVvrCTPszaRTqAZ_7} Failed to convert:
#39523=IfcMaterial('<Unnamed>')
[Error] [2026-03-19 11:12:33] {1CDyfSVvrCTPszaRTqAZ2f} Failed to convert:
#39523=IfcMaterial('<Unnamed>')
[Error] [2026-03-19 11:12:33] {0nZOCUdEr9Ye$7q$FBnhwT} Failed to convert:
#39523=IfcMaterial('<Unnamed>')
[Error] [2026-03-19 11:12:33] {0nZOCUdEr9Ye$7q$FBnh2n} Failed to convert:
#39523=IfcMaterial('<Unnamed>')
[Error] [2026-03-19 11:12:52] {0oSEAFCnT3J9uyMLy0$bUM} Failed to convert:
#39523=IfcMaterial('<Unnamed>')
[Error] [2026-03-19 11:12:52] {0oSEAFCnT3J9uyMLy0$bSG} Failed to convert:
#39523=IfcMaterial('<Unnamed>')
[Error] [2026-03-19 11:12:52] {0oSEAFCnT3J9uyMLy0$bRo} Failed to convert:
#39523=IfcMaterial('<Unnamed>')
